
**** Build of configuration Debug for project test_display2 ****

"C:\\ti\\ccs1220\\ccs\\utils\\bin\\gmake" -k -j 4 all -O 
 
Building file: "../main.c"
Invoking: Arm Compiler
"C:/ti/ccs1220/ccs/tools/compiler/ti-cgt-arm_20.2.7.LTS/bin/armcl" -mv7M4 --code_state=16 --float_support=FPv4SPD16 -me --include_path="C:/Users/marco/projetos/micro/test_display2" --include_path="C:/Users/marco/CCS12.2.0.00009_win64/TivaWare_C_Series-2.1.4.178" --include_path="C:/ti/ccs1220/ccs/tools/compiler/ti-cgt-arm_20.2.7.LTS/include" --define=ccs="ccs" --define=PART_TM4C123GH6PM -g --gcc --diag_warning=225 --diag_wrap=off --display_error_number --abi=eabi --preproc_with_compile --preproc_dependency="main.d_raw"  "../main.c"
 
>> Compilation failure
subdir_rules.mk:9: recipe for target 'main.obj' failed
"../main.c", line 21: warning #225-D: function "pinMode" declared implicitly
"../main.c", line 21: error #20: identifier "OUTPUT" is undefined
"../main.c", line 29: error #20: identifier "INPUT_PULLUP" is undefined
"../main.c", line 35: warning #225-D: function "digitalRead" declared implicitly
"../main.c", line 36: error #20: identifier "LOW" is undefined
"../main.c", line 58: warning #225-D: function "digitalWrite" declared implicitly
"../main.c", line 67: warning #225-D: function "delay" declared implicitly
3 errors detected in the compilation of "../main.c".
gmake: *** [main.obj] Error 1
gmake: Target 'all' not remade because of errors.

**** Build Finished ****
